"../../../Engine/Content/EditorBlueprintResources/StandardMacros.uasset" 0
"../../../Proto4Guys4GunsNW/Content/Blueprints/Managers/MyCameraManager.uasset" 1
"../../../Engine/Content/EditorBlueprintResources/ActorMacros.uasset" 2
"../../../Proto4Guys4GunsNW/Content/Effects/Materials/EmisivePower.uasset" 3
"../../../Proto4Guys4GunsNW/Content/Effects/Materials/DynamicColor.uasset" 4
"../../../Proto4Guys4GunsNW/Content/Effects/Materials/Experience.uasset" 5
"../../../Proto4Guys4GunsNW/Content/Effects/Textures/gamepad.uasset" 6
"../../../Proto4Guys4GunsNW/Content/Effects/Materials/gamepad_Mat.uasset" 7
"../../../Proto4Guys4GunsNW/Content/Effects/Materials/HaveOption.uasset" 8
"../../../Proto4Guys4GunsNW/Content/Effects/Textures/mouse.uasset" 9
"../../../Proto4Guys4GunsNW/Content/Effects/Materials/mouse_Mat.uasset" 10
"../../../Engine/Content/EngineFonts/RobotoDistanceField.uasset" 11
"../../../Proto4Guys4GunsNW/Content/Effects/Materials/TextUnlite.uasset" 12
"../../../Engine/Content/Functions/Engine_MaterialFunctions01/Opacity/CameraDepthFade.uasset" 13
"../../../Engine/Content/EngineMaterials/T_Default_Material_Grid_M.uasset" 14
"../../../Engine/Content/EngineMaterials/T_Default_Material_Grid_N.uasset" 15
"../../../Engine/Content/EngineMaterials/WorldGridMaterial.uasset" 16
"../../../Engine/Content/BasicShapes/Cube.uasset" 17
"../../../Proto4Guys4GunsNW/Content/Blueprints/Widgets/CinematicWaitWidget.uasset" 18
"../../../Proto4Guys4GunsNW/Content/Mesh/SM_Bouton_3.uasset" 19
"../../../Proto4Guys4GunsNW/Content/Blueprints/Camera.uasset" 20
"../../../Engine/Content/BasicShapes/BasicShapeMaterial.uasset" 21
"../../../Proto4Guys4GunsNW/Content/Effects/Textures/arrow-4-512.uasset" 22
"../../../Proto4Guys4GunsNW/Content/Effects/Materials/LightFunctionArrow.uasset" 23
"../../../Proto4Guys4GunsNW/Content/Effects/Materials/mat_monstre.uasset" 24
"../../../Proto4Guys4GunsNW/Content/Effects/Materials/Mirror.uasset" 25
"../../../Proto4Guys4GunsNW/Content/Blueprints/WaitingZone.uasset" 26
"../../../Proto4Guys4GunsNW/Content/Blueprints/QueueZone.uasset" 27
"../../../Proto4Guys4GunsNW/Content/Blueprints/Managers/MyPlayerState.uasset" 28
"../../../Proto4Guys4GunsNW/Content/Blueprints/MurArene.uasset" 29
"../../../Proto4Guys4GunsNW/Content/Effects/Textures/T_SmokeSubUV_8X8.uasset" 30
"../../../Proto4Guys4GunsNW/Content/Effects/Textures/T_soft_smoke.uasset" 31
"../../../Proto4Guys4GunsNW/Content/Effects/Materials/M_smoke_subUV_blackbody.uasset" 32
"../../../Proto4Guys4GunsNW/Content/Effects/ParticleSystems/P_black_body.uasset" 33
"../../../Proto4Guys4GunsNW/Content/Blueprints/Projectile/GrenadeSmoke.uasset" 34
"../../../Proto4Guys4GunsNW/Content/Blueprints/Projectile/Projectile.uasset" 35
"../../../Proto4Guys4GunsNW/Content/Effects/Textures/explosionCircle.uasset" 36
"../../../Proto4Guys4GunsNW/Content/Effects/Materials/Disque.uasset" 37
"../../../Proto4Guys4GunsNW/Content/Effects/Materials/MatBalle.uasset" 38
"../../../Engine/Content/EngineMaterials/DefaultMaterial.uasset" 39
"../../../Engine/Content/BasicShapes/Sphere.uasset" 40
"../../../Proto4Guys4GunsNW/Content/Effects/ParticleSystems/GrenadeExplosion.uasset" 41
"../../../Proto4Guys4GunsNW/Content/Son/explosionGrenade.uasset" 42
"../../../Proto4Guys4GunsNW/Content/Blueprints/Projectile/Grenade.uasset" 43
"../../../Proto4Guys4GunsNW/Content/Effects/Textures/Brick_BathStone/Brick_BathStone_2k_alb.uasset" 44
"../../../Proto4Guys4GunsNW/Content/Effects/Textures/Brick_BathStone/Brick_BathStone_2k_ao.uasset" 45
"../../../Proto4Guys4GunsNW/Content/Effects/Textures/Brick_BathStone/Brick_BathStone_2k_n.uasset" 46
"../../../Proto4Guys4GunsNW/Content/Effects/Textures/T_MacroVariation2.uasset" 47
"../../../Proto4Guys4GunsNW/Content/Effects/Materials/Brick_BathStone.uasset" 48
"../../../Proto4Guys4GunsNW/Content/Mesh/mumu.uasset" 49
"../../../Proto4Guys4GunsNW/Content/Mesh/mumu_DM.uasset" 50
"../../../Proto4Guys4GunsNW/Content/Effects/Textures/31312.uasset" 51
"../../../Proto4Guys4GunsNW/Content/Effects/Textures/cracks2.uasset" 52
"../../../Proto4Guys4GunsNW/Content/Effects/Materials/Brick_BathStone_Destroyed.uasset" 53
"../../../Proto4Guys4GunsNW/Content/Effects/Materials/Brick_BathStone_Half_Destroyed.uasset" 54
"../../../Proto4Guys4GunsNW/Content/Blueprints/Wall.uasset" 55
"../../../Proto4Guys4GunsNW/Content/Blueprints/Mur.uasset" 56
"../../../Proto4Guys4GunsNW/Content/Blueprints/ResetManager.uasset" 57
"../../../Proto4Guys4GunsNW/Content/Blueprints/Managers/MyGameMode.uasset" 58
"../../../Proto4Guys4GunsNW/Content/Blueprints/Widgets/CountDownWidget.uasset" 59
"../../../Proto4Guys4GunsNW/Content/Blueprints/Widgets/ScoreWidget.uasset" 60
"../../../Proto4Guys4GunsNW/Content/Son/GameFinished.uasset" 61
"../../../Proto4Guys4GunsNW/Content/Son/PlayerJoined.uasset" 62
"../../../Proto4Guys4GunsNW/Content/Son/StartGame.uasset" 63
"../../../Proto4Guys4GunsNW/Content/Blueprints/CountDown.uasset" 64
"../../../Proto4Guys4GunsNW/Content/Son/Victory.uasset" 65
"../../../Proto4Guys4GunsNW/Content/Son/Victory_Cue.uasset" 66
"../../../Proto4Guys4GunsNW/Content/Blueprints/Managers/GameManager.uasset" 67
"../../../Proto4Guys4GunsNW/Content/Effects/Materials/NoirMat.uasset" 68
"../../../Proto4Guys4GunsNW/Content/Son/star_wars_theme.uasset" 69
"../../../Proto4Guys4GunsNW/Content/Son/star_wars_theme_Cue.uasset" 70
"../../../Proto4Guys4GunsNW/Content/Blueprints/CameraMovement.uasset" 71
"../../../Proto4Guys4GunsNW/Content/Blueprints/DamageText.uasset" 72
"../../../Proto4Guys4GunsNW/Content/Blueprints/GamePadCursor.uasset" 73
"../../../Proto4Guys4GunsNW/Content/Mesh/wall.uasset" 74
"../../../Proto4Guys4GunsNW/Content/Mesh/wall_DM.uasset" 75
"../../../Proto4Guys4GunsNW/Content/Blueprints/wall_DM_Blueprint.uasset" 76
"../../../Proto4Guys4GunsNW/Content/Blueprints/Projectile/Balle.uasset" 77
"../../../Engine/Content/EditorMeshes/EditorCube.uasset" 78
"../../../Engine/Content/Tutorial/SubEditors/TutorialAssets/Tutorial_DM.uasset" 79
"../../../Proto4Guys4GunsNW/Content/Effects/Textures/circle.uasset" 80
"../../../Proto4Guys4GunsNW/Content/Effects/Materials/circle_Mat.uasset" 81
"../../../Proto4Guys4GunsNW/Content/Effects/Materials/CooldownMat.uasset" 82
"../../../Proto4Guys4GunsNW/Content/Effects/Materials/Gris.uasset" 83
"../../../Proto4Guys4GunsNW/Content/Effects/Materials/MatGrosseBalle.uasset" 84
"../../../Proto4Guys4GunsNW/Content/Effects/Textures/laser.uasset" 85
"../../../Proto4Guys4GunsNW/Content/Effects/Textures/plasma-bolt.uasset" 86
"../../../Proto4Guys4GunsNW/Content/Effects/Materials/plasma-bolt_Mat.uasset" 87
"../../../Proto4Guys4GunsNW/Content/Effects/Textures/rolling-bomb.uasset" 88
"../../../Proto4Guys4GunsNW/Content/Effects/Materials/rolling-bomb_Mat.uasset" 89
"../../../Proto4Guys4GunsNW/Content/Effects/Materials/Rouge.uasset" 90
"../../../Proto4Guys4GunsNW/Content/Effects/Materials/Vie.uasset" 91
"../../../Engine/Content/BasicShapes/Cylinder.uasset" 92
"../../../Proto4Guys4GunsNW/Content/Blueprints/Options/EnumOption.uasset" 93
"../../../Proto4Guys4GunsNW/Content/Effects/Textures/LevelUp.uasset" 94
"../../../Proto4Guys4GunsNW/Content/Effects/Materials/LevelUpMat.uasset" 95
"../../../Proto4Guys4GunsNW/Content/Effects/ParticleSystems/LevelUpParticle.uasset" 96
"../../../Proto4Guys4GunsNW/Content/Mesh/SM_Bouton_1.uasset" 97
"../../../Proto4Guys4GunsNW/Content/Son/boom.uasset" 98
"../../../Proto4Guys4GunsNW/Content/Son/boom_Cue.uasset" 99
"../../../Proto4Guys4GunsNW/Content/Son/Pegasus_Stinger_Gnome.uasset" 100
"../../../Proto4Guys4GunsNW/Content/Son/Fallout_3_-_Level_Up.uasset" 101
"../../../Proto4Guys4GunsNW/Content/Son/LevelUpSound.uasset" 102
"../../../Proto4Guys4GunsNW/Content/Son/tir.uasset" 103
"../../../Proto4Guys4GunsNW/Content/Son/tir_ennemi.uasset" 104
"../../../Proto4Guys4GunsNW/Content/Blueprints/MyCharacter.uasset" 105
"../../../Proto4Guys4GunsNW/Content/Blueprints/Managers/Controller.uasset" 106
"../../../Proto4Guys4GunsNW/Content/Blueprints/Managers/LobbyGameMode.uasset" 107
"../../../Proto4Guys4GunsNW/Content/Blueprints/State.uasset" 108
"../../../Proto4Guys4GunsNW/Content/Blueprints/Widgets/ErrorDialog.uasset" 109
"../../../Proto4Guys4GunsNW/Content/Blueprints/Widgets/LoadingScreen.uasset" 110
"../../../Proto4Guys4GunsNW/Content/Blueprints/Widgets/MainMenuWidget.uasset" 111
"../../../Proto4Guys4GunsNW/Content/Blueprints/Widgets/ServerRow.uasset" 112
"../../../Proto4Guys4GunsNW/Content/Blueprints/Widgets/ServerList.uasset" 113
"../../../Proto4Guys4GunsNW/Content/Blueprints/Managers/MyInstance.uasset" 114
"../../../Proto4Guys4GunsNW/Content/Levels/NetWorkLobby.umap" 115
"../../../Engine/Content/EngineSky/C_Sky_Cloud_Color.uasset" 116
"../../../Engine/Content/EngineSky/C_Sky_Horizon_Color.uasset" 117
"../../../Engine/Content/EngineSky/C_Sky_Zenith_Color.uasset" 118
"../../../Engine/Content/EngineSky/T_Sky_Blue.uasset" 119
"../../../Engine/Content/EngineSky/T_Sky_Clouds_M.uasset" 120
"../../../Engine/Content/EngineSky/T_Sky_Stars.uasset" 121
"../../../Engine/Content/EngineSky/SM_SkySphere.uasset" 122
"../../../Engine/Content/EngineSky/M_Sky_Panning_Clouds2.uasset" 123
"../../../Engine/Content/EngineSky/BP_Sky_Sphere.uasset" 124
"../../../Engine/Content/Functions/Engine_MaterialFunctions02/ExampleContent/Textures/newhplaneLightingMap.uasset" 125
"../../../Engine/Content/Functions/Engine_MaterialFunctions02/HueShift.uasset" 126
"../../../Proto4Guys4GunsNW/Content/Effects/Textures/1811_2048x2048_allipadwallpapers_com.uasset" 127
"../../../Proto4Guys4GunsNW/Content/Effects/Materials/Option.uasset" 128
"../../../Proto4Guys4GunsNW/Content/Son/Sonic_Ring_Sound_Effect.uasset" 129
"../../../Proto4Guys4GunsNW/Content/Blueprints/Options/Option.uasset" 130
"../../../Proto4Guys4GunsNW/Content/Blueprints/Options/OptionManager.uasset" 131
"../../../Proto4Guys4GunsNW/Content/Blueprints/portail.uasset" 132
"../../../Engine/Content/EditorLandscapeResources/SplineEditorMeshMat.uasset" 133
"../../../Engine/Content/EditorLandscapeResources/SplineEditorMesh.uasset" 134
"../../../Proto4Guys4GunsNW/Content/Blueprints/Spline.uasset" 135
"../../../Proto4Guys4GunsNW/Content/Blueprints/SunManager.uasset" 136
"../../../Proto4Guys4GunsNW/Content/Effects/Textures/brick_guiGen/brick_guiGen_2k_d.uasset" 137
"../../../Proto4Guys4GunsNW/Content/Effects/Textures/brick_guiGen/brick_guiGen_2k_n.uasset" 138
"../../../Proto4Guys4GunsNW/Content/Effects/Textures/brick_guiGen/brick_guiGen_2k_s.uasset" 139
"../../../Proto4Guys4GunsNW/Content/Effects/Materials/brick_guiGen.uasset" 140
"../../../Proto4Guys4GunsNW/Content/Effects/Textures/Ground_Dirt/Ground_Dirt_2k_alb.uasset" 141
"../../../Proto4Guys4GunsNW/Content/Effects/Textures/Ground_Dirt/Ground_Dirt_2k_n.uasset" 142
"../../../Proto4Guys4GunsNW/Content/Effects/Textures/Ground_Dirt/Ground_Dirt_2k_s.uasset" 143
"../../../Proto4Guys4GunsNW/Content/Effects/Materials/Ground_Dirt.uasset" 144
"../../../Proto4Guys4GunsNW/Content/Effects/Textures/Ground_DirtBrownTan/Ground_DirtBrownTan_2k_alb.uasset" 145
"../../../Proto4Guys4GunsNW/Content/Effects/Textures/Ground_DirtBrownTan/Ground_DirtBrownTan_2k_g.uasset" 146
"../../../Proto4Guys4GunsNW/Content/Effects/Textures/Ground_DirtBrownTan/Ground_DirtBrownTan_2k_n.uasset" 147
"../../../Proto4Guys4GunsNW/Content/Effects/Materials/Ground_DirtBrownTan.uasset" 148
"../../../Proto4Guys4GunsNW/Content/Environment/Materials/M_PostProcess_Base2.uasset" 149
"../../../Proto4Guys4GunsNW/Content/Environment/Materials/M_PostProcess_Base2_Inst.uasset" 150
"../../../Engine/Content/MapTemplates/Sky/Desert_Outer_HDR.uasset" 151
"../../../Proto4Guys4GunsNW/Content/Mesh/Plateforme1.uasset" 152
"../../../Proto4Guys4GunsNW/Content/Mesh/Plateforme2.uasset" 153
"../../../Proto4Guys4GunsNW/Content/Mesh/Plateforme3.uasset" 154
"../../../Proto4Guys4GunsNW/Content/Levels/FightMap.umap" 155
"../../../Engine/Content/EngineMaterials/DefaultDiffuse.uasset" 156
"../../../Engine/Content/EngineMaterials/DefaultNormal.uasset" 157
"../../../Engine/Content/Maps/Entry.umap" 158
"../../../Engine/Content/EngineFonts/Roboto.uasset" 159
"../../../Engine/Content/Functions/Engine_MaterialFunctions01/Shading/PowerToRoughness.uasset" 160
"../../../Engine/Content/EngineMaterials/DefaultDeferredDecalMaterial.uasset" 161
"../../../Engine/Content/EngineMaterials/DefaultLightFunctionMaterial.uasset" 162
"../../../Engine/Content/Functions/Engine_MaterialFunctions02/Utility/BreakOutFloat2Components.uasset" 163
"../../../Engine/Content/EngineMaterials/DefaultPostProcessMaterial.uasset" 164
"../../../Engine/Content/EngineResources/DefaultTexture.uasset" 165
"../../../Engine/Content/Functions/Engine_MaterialFunctions02/Texturing/ScreenAlignedUVs.uasset" 166
"../../../Engine/Content/EngineResources/WhiteSquareTexture.uasset" 167
"../../../Engine/Content/EngineMaterials/Widget3DPassThrough.uasset" 168
"../../../Engine/Content/EngineMaterials/Widget3DPassThrough_Translucent.uasset" 169
"../../../Engine/Content/EngineMaterials/Widget3DPassThrough_Translucent_OneSided.uasset" 170
"../../../Engine/Content/EngineMaterials/Widget3DPassThrough_Opaque.uasset" 171
"../../../Engine/Content/EngineMaterials/Widget3DPassThrough_Opaque_OneSided.uasset" 172
"../../../Engine/Content/EngineMaterials/Widget3DPassThrough_Masked.uasset" 173
"../../../Engine/Content/EngineMaterials/Widget3DPassThrough_Masked_OneSided.uasset" 174
"../../../Engine/Content/EditorResources/S_Actor.uasset" 175
"../../../Engine/Content/Maps/Templates/Thumbnails/Default.uasset" 176
"../../../Engine/Content/EditorMaterials/ParticleSystems/PSysThumbnail_NoImage.uasset" 177
"../../../Engine/Content/EditorMaterials/ParticleSystems/PSysThumbnail_OOD.uasset" 178
"../../../Engine/Content/EditorLandscapeResources/DataLayer.uasset" 179
"../../../Engine/Content/EngineDamageTypes/DmgTypeBP_Environmental.uasset" 180
"../../../Engine/Content/EngineMeshes/Sphere.uasset" 181
"../../../Engine/Content/EngineMaterials/DefaultTextMaterialOpaque.uasset" 182
"../../../Engine/Content/EditorResources/S_Trigger.uasset" 183
"../../../Engine/Content/EngineResources/GradientTexture0.uasset" 184
"../../../Engine/Content/EngineResources/Black.uasset" 185
"../../../Engine/Content/EditorMaterials/MatineeGroups/MAT_Groups_Float.uasset" 186
"../../../Engine/Content/EditorMaterials/MatineeGroups/MAT_Groups_Director.uasset" 187
"../../../Engine/Content/EditorMaterials/MatineeGroups/MAT_Groups_Event.uasset" 188
"../../../Engine/Content/EditorMaterials/MatineeGroups/MAT_Groups_Anim.uasset" 189
"../../../Engine/Content/EditorMaterials/MatineeGroups/MAT_Groups_Fade.uasset" 190
"../../../Engine/Content/EditorMaterials/MatineeGroups/MAT_Groups_Move.uasset" 191
"../../../Engine/Content/EditorMaterials/MatineeGroups/MAT_Groups_Slomo.uasset" 192
"../../../Engine/Content/EditorMaterials/MatineeGroups/MAT_ColorTrack.uasset" 193
"../../../Engine/Content/EditorMaterials/MAT_Groups_Toggle.uasset" 194
"../../../Engine/Content/EditorMaterials/MatineeGroups/MAT_Groups_AudioMaster.uasset" 195
"../../../Engine/Content/EditorMaterials/MatineeGroups/MAT_Groups_Sound.uasset" 196
"../../../Engine/Content/EditorMaterials/MatineeGroups/MAT_Groups_Vector.uasset" 197
"../../../Engine/Content/EditorMaterials/MAT_Groups_Visibility.uasset" 198
"../../../Engine/Content/EngineResources/DefaultTextureCube.uasset" 199
"../../../Engine/Content/EngineMeshes/Cylinder.uasset" 200
"../../../Engine/Content/EngineTireTypes/DefaultTireType.uasset" 201
"../../../Engine/Content/EngineResources/AICON-Red.uasset" 202
"../../../Engine/Content/EngineResources/AICON-Green.uasset" 203
"../../../Engine/Content/Tutorial/Basics/TutorialAssets/icon_tab_Levels_40x.uasset" 204
"../../../Engine/Content/Tutorial/Basics/LevelEditorOverview.uasset" 205
"../../../Engine/Content/Tutorial/Basics/LevelEditorAttract.uasset" 206
"../../../Engine/Content/Tutorial/Landscape/TutorialAssets/Landscape.uasset" 207
"../../../Engine/Content/Tutorial/Landscape/Landscape_Painting_Mode.uasset" 208
"../../../Engine/Content/Tutorial/Landscape/Landscape_Sculpt_Mode.uasset" 209
"../../../Engine/Content/Tutorial/Landscape/Landscape_Manage_Mode.uasset" 210
"../../../Engine/Content/Tutorial/Installation/InstallingVisualStudioTutorial.uasset" 211
"../../../Engine/Content/Tutorial/BlueprintTutorials/TutorialAssets/Blueprint_64x.uasset" 212
"../../../Engine/Content/Tutorial/BlueprintTutorials/BlueprintEditorTutorial.uasset" 213
"../../../Engine/Content/Tutorial/Foliage/TutorialAssets/Foliage.uasset" 214
"../../../Engine/Content/Tutorial/Foliage/Foliage_Settings_Tutorial.uasset" 215
"../../../Engine/Content/Tutorial/Foliage/Foliage_Using_The_Tool_Tutorial.uasset" 216
"../../../Engine/Content/Tutorial/Foliage/Foliage_Intro_Tutorial.uasset" 217
"../../../Engine/Content/Tutorial/ContentIntroCurve.uasset" 218
"../../../Engine/Plugins/2D/Paper2D/Content/PlaceholderTextures/DummySpriteTexture.uasset" 219
"../../../Engine/Plugins/2D/Paper2D/Content/DummySpriteTexture.uasset" 220
"../../../Engine/Plugins/2D/Paper2D/Content/DefaultSpriteMaterial.uasset" 221
"../../../Engine/Plugins/2D/Paper2D/Content/MaskedUnlitSpriteMaterial.uasset" 222
"../../../Engine/Plugins/2D/Paper2D/Content/OpaqueUnlitSpriteMaterial.uasset" 223
"../../../Engine/Plugins/2D/Paper2D/Content/DummySprite.uasset" 224
"../../../Engine/Plugins/2D/Paper2D/Content/DefaultPaperTerrainMaterial.uasset" 225
"../../../Engine/Plugins/Runtime/LeapMotionController/Content/LM_CapsuleMesh.uasset" 226
"../../../Engine/Plugins/Runtime/LeapMotionController/Content/LM_TorusMesh.uasset" 227
"../../../Engine/Plugins/Runtime/LeapMotionController/Content/LM_HandColor.uasset" 228
"../../../Engine/Plugins/Runtime/LeapMotionController/Content/LM_SampleDistortion.uasset" 229
"../../../Engine/Plugins/Runtime/LeapMotionController/Content/LM_TestTexture.uasset" 230
"../../../Engine/Plugins/Runtime/LeapMotionController/Content/LM_PassthroughMaterial.uasset" 231
"../../../Engine/Content/EngineMaterials/RemoveSurfaceMaterial.uasset" 232
"../../../Engine/Content/EngineDebugMaterials/DebugMeshMaterial.uasset" 233
"../../../Engine/Content/EngineMaterials/InvalidLightmapSettings.uasset" 234
"../../../Engine/Content/EngineMaterials/M_InvalidLightmapSettings.uasset" 235
"../../../Engine/Content/EditorMaterials/GizmoMaterial.uasset" 236
"../../../Engine/Content/EngineMaterials/Good64x64TilingNoiseHighFreq.uasset" 237
"../../../Engine/Content/EngineMaterials/DefaultBokeh.uasset" 238
"../../../Engine/Content/EngineMaterials/PreintegratedSkinBRDF.uasset" 239
"../../../Engine/Content/EngineMaterials/MiniFont.uasset" 240
"../../../Engine/Content/EngineMaterials/WeightMapPlaceholderTexture.uasset" 241
"../../../Engine/Content/EngineMaterials/DefaultPhysicalMaterial.uasset" 242
"../../../Engine/Content/EngineFonts/RobotoTiny.uasset" 243
"../../../Proto4Guys4GunsNW/Content/Effects/Textures/Seamless_tileable_ice_snow_cracks_ground_texture.uasset" 244
"../../../Engine/Content/MobileResources/HUD/MobileHUDButton2_on.uasset" 245
"../../../Engine/Content/MobileResources/HUD/MobileHUDDirectionPad.uasset" 246
"../../../Engine/Content/MobileResources/HUD/MobileHUDButton1_on.uasset" 247
"../../../Engine/Content/MobileResources/HUD/MobileHUDButton3.uasset" 248
"../../../Proto4Guys4GunsNW/Content/Effects/Textures/T_Fire_SubUV.uasset" 249
"../../../Proto4Guys4GunsNW/Content/Effects/Textures/T_Fire_Tiled_D.uasset" 250
"../../../Proto4Guys4GunsNW/Content/Effects/Materials/M_Fire_SubUV.uasset" 251
"../../../Proto4Guys4GunsNW/Content/Effects/Textures/T_Water_N.uasset" 252
"../../../Proto4Guys4GunsNW/Content/Effects/Materials/M_Heat_Distortion.uasset" 253
"../../../Engine/Content/Functions/Engine_MaterialFunctions01/Gradient/RadialGradient.uasset" 254
"../../../Proto4Guys4GunsNW/Content/Effects/Materials/M_Radial_Gradient.uasset" 255
"../../../Proto4Guys4GunsNW/Content/Effects/Textures/T_Smoke_SubUV.uasset" 256
"../../../Proto4Guys4GunsNW/Content/Effects/Textures/T_Smoke_Tiled_D.uasset" 257
"../../../Proto4Guys4GunsNW/Content/Effects/Materials/M_smoke_subUV.uasset" 258
"../../../Proto4Guys4GunsNW/Content/Effects/ParticleSystems/P_Fire.uasset" 259
"../../../Engine/Content/MobileResources/HUD/MobileHUDDirectionStick.uasset" 260
"../../../Proto4Guys4GunsNW/Content/Effects/Textures/normalmap.uasset" 261
"../../../Proto4Guys4GunsNW/Content/Effects/Materials/Water2.uasset" 262
"../../../Proto4Guys4GunsNW/Content/Effects/Materials/Mat_Beam.uasset" 263
"../../../Proto4Guys4GunsNW/Content/Effects/ParticleSystems/Beam.uasset" 264
"../../../Engine/Content/MobileResources/T_MobileControls_texture.uasset" 265
"../../../Engine/Content/MobileResources/HUD/VirtualJoystick_Background.uasset" 266
"../../../Engine/Content/MobileResources/HUD/VirtualJoystick_Thumb.uasset" 267
"../../../Engine/Content/MobileResources/HUD/LeftVirtualJoystickOnly.uasset" 268
"../../../Engine/Content/MobileResources/T_MobileMenu2.uasset" 269
"../../../Engine/Content/MobileResources/HUD/MobileHUDButtonFire.uasset" 270
"../../../Engine/Content/MobileResources/HUD/MobileHUDButton1_off.uasset" 271
"../../../Engine/Content/MobileResources/HUD/MobileHUDDirectionPad2.uasset" 272
"../../../Engine/Content/MobileResources/HUD/T_Castle_ThumbstickInner.uasset" 273
"../../../Proto4Guys4GunsNW/Content/Environment/Materials/M_PostProcess_Base.uasset" 274
"../../../Proto4Guys4GunsNW/Content/Environment/Materials/M_PostProcess_Base_Inst.uasset" 275
"../../../Engine/Content/EditorMaterials/PhAT_JointLimitMaterial.uasset" 276
"../../../Engine/Content/EditorMaterials/PreviewShadowIndicator.uasset" 277
"../../../Engine/Content/EditorMaterials/PreviewShadowIndicatorMaterial.uasset" 278
"../../../Engine/Content/EditorMeshes/ColorCalibrator/M_ChromeBall.uasset" 279
"../../../Engine/Content/EditorMeshes/ColorCalibrator/M_ClearCoat.uasset" 280
"../../../Engine/Content/EditorMeshes/ColorCalibrator/M_ClearCoatBlack.uasset" 281
"../../../Engine/Content/EditorMeshes/ColorCalibrator/T_ColorGrid.uasset" 282
"../../../Engine/Content/EditorMeshes/ColorCalibrator/M_ColorGrid.uasset" 283
"../../../Engine/Content/EditorMeshes/ColorCalibrator/M_GreyBall.uasset" 284
"../../../Engine/Content/EditorMeshes/ColorCalibrator/SM_ColorCalibrator.uasset" 285
"../../../Engine/Content/EditorResources/BSPVertex.uasset" 286
"../../../Engine/Content/EditorResources/EmptyActor.uasset" 287
"../../../Engine/Content/EditorResources/AudioIcons/S_AudioComponent_AutoActivate.uasset" 288
"../../../Engine/Content/EditorResources/LightIcons/S_LightError.uasset" 289
"../../../Engine/Content/EngineDebugMaterials/HeatmapGradient.uasset" 290
"../../../Engine/Content/EngineDebugMaterials/BoneWeightMaterial.uasset" 291
"../../../Engine/Content/EngineDebugMaterials/GeomMaterial.uasset" 292
"../../../Engine/Content/Functions/Engine_MaterialFunctions01/Shading/ConvertFromDiffSpec.uasset" 293
"../../../Engine/Content/EngineDebugMaterials/LevelColorationLitMaterial.uasset" 294
"../../../Engine/Content/EngineDebugMaterials/LevelColorationUnlitMaterial.uasset" 295
"../../../Engine/Content/EngineMaterials/DefaultWhiteGrid.uasset" 296
"../../../Engine/Content/EngineDebugMaterials/MAT_LevelColorationLitLightmapUV.uasset" 297
"../../../Engine/Content/EngineDebugMaterials/ShadedLevelColorationLitMaterial.uasset" 298
"../../../Engine/Content/EngineDebugMaterials/ShadedLevelColorationUnlitMateri.uasset" 299
"../../../Engine/Content/EngineDebugMaterials/VertexColorMaterial.uasset" 300
"../../../Engine/Content/EngineDebugMaterials/VertexColorViewMode_AlphaAsColor.uasset" 301
"../../../Engine/Content/EngineDebugMaterials/VertexColorViewMode_BlueOnly.uasset" 302
"../../../Engine/Content/EngineDebugMaterials/VertexColorViewMode_ColorOnly.uasset" 303
"../../../Engine/Content/EngineDebugMaterials/VertexColorViewMode_GreenOnly.uasset" 304
"../../../Engine/Content/EngineDebugMaterials/VertexColorViewMode_RedOnly.uasset" 305
"../../../Engine/Content/EngineDebugMaterials/WireframeMaterial.uasset" 306
"../../../Engine/Content/EngineMaterials/EditorBrushMaterial.uasset" 307
"../../../Engine/Content/MobileResources/HUD/AnalogHat.uasset" 308
"../../../Engine/Content/MobileResources/HUD/DefaultVirtualJoysticks.uasset" 309
"../../../Engine/Content/MobileResources/HUD/MobileHUDButton2_off.uasset" 310
"../../../Engine/Content/MobileResources/HUD/MobileHUDDirectionPad3.uasset" 311
"../../../Engine/Content/MobileResources/HUD/T_Castle_ThumbstickOutter.uasset" 312
"../../../Engine/Content/Tutorial/BlueprintTutorials/TutorialAssets/BlueprintInterface_64x.uasset" 313
"../../../Engine/Content/Tutorial/BlueprintTutorials/TutorialAssets/Tutorial_BP_Interface.uasset" 314
"../../../Engine/Content/Tutorial/BlueprintTutorials/BlueprintInterfacesEditorOverview.uasset" 315
"../../../Engine/Content/Tutorial/BlueprintTutorials/TutorialAssets/BlueprintMacroLibrary_64x.uasset" 316
"../../../Engine/Content/Tutorial/BlueprintTutorials/TutorialAssets/Tutorial_BP_MacroLib.uasset" 317
"../../../Engine/Content/Tutorial/BlueprintTutorials/BlueprintMacroLibrariesEditorOverview.uasset" 318
"../../../Engine/Content/Tutorial/BlueprintTutorials/LevelBlueprintEditorOverview.uasset" 319
"../../../Engine/Content/Tutorial/Paper2D/TutorialAssets/Paper2DFlipbook_TutorialIcon.uasset" 320
"../../../Engine/Content/Tutorial/Paper2D/FlipbookEditorTutorial.uasset" 321
"../../../Engine/Content/Tutorial/Paper2D/TutorialAssets/Paper2DSprite_TutorialIcon.uasset" 322
"../../../Engine/Content/Tutorial/Paper2D/SpriteEditorTutorial.uasset" 323
"../../../Engine/Content/Tutorial/SubEditors/DestructibleMeshEditorTutorial.uasset" 324
"../../../Engine/Content/Tutorial/SubEditors/TutorialAssets/TutorialMaterial.uasset" 325
"../../../Engine/Content/Tutorial/SubEditors/MaterialEditorTutorial.uasset" 326
"../../../Engine/Content/Tutorial/SubEditors/TutorialAssets/T_SmokeSubUV_8X8.uasset" 327
"../../../Engine/Content/Tutorial/SubEditors/TutorialAssets/T_soft_smoke.uasset" 328
"../../../Engine/Content/Tutorial/SubEditors/TutorialAssets/M_smoke_subUV_blackbody.uasset" 329
"../../../Engine/Content/Tutorial/SubEditors/TutorialAssets/TutorialParticleSystem.uasset" 330
"../../../Engine/Content/Tutorial/SubEditors/ParticleSystemEditorTutorial.uasset" 331
"../../../Engine/Content/Tutorial/SubEditors/TutorialAssets/icon_ShowSkeletalMeshes_40x.uasset" 332
"../../../Engine/Content/Tutorial/SubEditors/TutorialAssets/Character/TutorialTPP_Mat.uasset" 333
"../../../Engine/Content/Tutorial/SubEditors/TutorialAssets/Character/TutorialTPP_PhysicsAsset.uasset" 334
"../../../Engine/Content/Tutorial/SubEditors/TutorialAssets/Character/TutorialTPP.uasset" 335
"../../../Engine/Content/Tutorial/SubEditors/TutorialAssets/Character/TutorialTPP_Skeleton.uasset" 336
"../../../Engine/Content/Tutorial/SubEditors/TutorialAssets/Character/Tutorial_Idle.uasset" 337
"../../../Engine/Content/Tutorial/SubEditors/TutorialAssets/Character/Tutorial_Walk_Fwd.uasset" 338
"../../../Engine/Content/Tutorial/SubEditors/TutorialAssets/Character/NewBlendSpace1D.uasset" 339
"../../../Engine/Content/Tutorial/SubEditors/TutorialAssets/Character/TutorialCharacter.uasset" 340
"../../../Engine/Content/Tutorial/SubEditors/TutorialAssets/Character/TutorialTPP_AnimBlueprint.uasset" 341
"../../../Engine/Content/Tutorial/SubEditors/PersonaAnimBlueprintEditorWalkthrough.uasset" 342
"../../../Engine/Content/Tutorial/SubEditors/PersonaAnimEditorWalkthrough.uasset" 343
"../../../Engine/Content/Tutorial/SubEditors/PersonaAnimEditorTutorial.uasset" 344
"../../../Engine/Content/EngineMeshes/Cube.uasset" 345
"../../../Engine/Content/Tutorial/SubEditors/StaticMeshEditorTutorial.uasset" 346
"../../../Engine/Content/Tutorial/SubEditors/TutorialAssets/icon_Editor_Preferences_General_40x.uasset" 347
"../../../Proto4Guys4GunsNW/Content/Mesh/DestructibleWall.uasset" 348
"../../../Proto4Guys4GunsNW/Content/Blueprints/MurCassable.uasset" 349
"../../../Proto4Guys4GunsNW/Content/Blueprints/toto.uasset" 350
"../../../Proto4Guys4GunsNW/Content/Blueprints/Widgets/Generic.uasset" 351
"../../../Engine/Content/Functions/Engine_MaterialFunctions03/Procedurals/GeneratedBand.uasset" 352
"../../../Proto4Guys4GunsNW/Content/Effects/Materials/Bande.uasset" 353
"../../../Proto4Guys4GunsNW/Content/Effects/Materials/DamageFont.uasset" 354
"../../../Proto4Guys4GunsNW/Content/Effects/Textures/hexmap.uasset" 355
"../../../Proto4Guys4GunsNW/Content/Effects/Materials/FuturisteGround.uasset" 356
"../../../Proto4Guys4GunsNW/Content/Effects/Textures/T_GroundGrass_D.uasset" 357
"../../../Proto4Guys4GunsNW/Content/Effects/Textures/T_GroundGrass_N.uasset" 358
"../../../Proto4Guys4GunsNW/Content/Effects/Materials/Grass.uasset" 359
"../../../Proto4Guys4GunsNW/Content/Effects/Textures/hex_by_k7g4p11-d7m6uft.uasset" 360
"../../../Proto4Guys4GunsNW/Content/Effects/Materials/Ground.uasset" 361
"../../../Proto4Guys4GunsNW/Content/Effects/Textures/keyboard.uasset" 362
"../../../Proto4Guys4GunsNW/Content/Effects/Materials/keyboard_Mat.uasset" 363
"../../../Proto4Guys4GunsNW/Content/Effects/Materials/MetalicGround.uasset" 364
"../../../Proto4Guys4GunsNW/Content/Effects/Materials/HyperVision.uasset" 365
"../../../Proto4Guys4GunsNW/Content/Effects/Materials/OccludedMat.uasset" 366
"../../../Engine/Content/EditorMaterials/HelpFlatColour.uasset" 367
"../../../Engine/Content/EditorMaterials/HelpFlatColour_Blk_Inst.uasset" 368
"../../../Engine/Content/EditorMaterials/HelpFlatColour_W_Inst.uasset" 369
"../../../Proto4Guys4GunsNW/Content/Mesh/mur.uasset" 370
"../../../Proto4Guys4GunsNW/Content/Mesh/mur_DM.uasset" 371
"../../../Proto4Guys4GunsNW/Content/Mesh/SM_Bouton_2.uasset" 372
